<?xml version="1.0" encoding="UTF-8"?>
<!-- Generated by org.testng.reporters.JUnitXMLReporter -->
<testsuite hostname="LAPTOP-2JITOVQC" name="Default test" tests="2" failures="0" timestamp="24 Nov 2020 06:37:01 GMT" time="5.908" errors="0">
  <testcase name="foo" time="0.544" classname="TestCases.ReadAndPostJsonDataFromJsonFileUsingPOJO_FullDataBinding"/>
  <testcase name="validateAllResponses" time="5.335" classname="TestCases.ReadAndPostJsonDataFromJsonFileUsingPOJO_FullDataBinding"/>
</testsuite> <!-- Default test -->
