<?xml version="1.0" encoding="UTF-8"?>
<!-- Generated by org.testng.reporters.JUnitXMLReporter -->
<testsuite hostname="LAPTOP-2JITOVQC" name="Command line test" tests="4" failures="1" timestamp="22 Nov 2020 15:10:32 GMT" time="7.902" errors="0">
  <testcase name="foo" time="0.388" classname="TestCases.TestCase1">
    <failure type="java.lang.NoClassDefFoundError" message="com/fasterxml/jackson/core/exc/InputCoercionException">
      <![CDATA[java.lang.NoClassDefFoundError: com/fasterxml/jackson/core/exc/InputCoercionException
	at com.fasterxml.jackson.databind.deser.BasicDeserializerFactory.createMapDeserializer(BasicDeserializerFactory.java:1375)
	at com.fasterxml.jackson.databind.deser.DeserializerCache._createDeserializer2(DeserializerCache.java:387)
	at com.fasterxml.jackson.databind.deser.DeserializerCache._createDeserializer(DeserializerCache.java:349)
	at com.fasterxml.jackson.databind.deser.DeserializerCache._createAndCache2(DeserializerCache.java:264)
	at com.fasterxml.jackson.databind.deser.DeserializerCache._createAndCacheValueDeserializer(DeserializerCache.java:244)
	at com.fasterxml.jackson.databind.deser.DeserializerCache.findValueDeserializer(DeserializerCache.java:142)
	at com.fasterxml.jackson.databind.DeserializationContext.findRootValueDeserializer(DeserializationContext.java:491)
	at com.fasterxml.jackson.databind.ObjectMapper._findRootDeserializer(ObjectMapper.java:4713)
	at com.fasterxml.jackson.databind.ObjectMapper._readMapAndClose(ObjectMapper.java:4522)
	at com.fasterxml.jackson.databind.ObjectMapper.readValue(ObjectMapper.java:3333)
	at Serialization_DataBinding_Classes.ObjectMapperTest.readJson(ObjectMapperTest.java:22)
	at TestCases.TestCase1.foo(TestCase1.java:21)
Caused by: java.lang.ClassNotFoundException: com.fasterxml.jackson.core.exc.InputCoercionException
	at java.net.URLClassLoader.findClass(URLClassLoader.java:381)
	at java.lang.ClassLoader.loadClass(ClassLoader.java:424)
	at sun.misc.Launcher$AppClassLoader.loadClass(Launcher.java:338)
	at java.lang.ClassLoader.loadClass(ClassLoader.java:357)
	... 46 more
... Removed 34 stack frames]]>
    </failure>
  </testcase> <!-- foo -->
  <testcase name="foo" time="5.527" classname="TestCases.TestCase2"/>
  <testcase name="fool" time="1.041" classname="TestCases.TestCase2"/>
  <testcase name="fools" time="0.906" classname="TestCases.TestCase2"/>
</testsuite> <!-- Command line test -->
