<?xml version="1.0" encoding="UTF-8"?>
<testng-results skipped="0" failed="0" total="2" passed="2">
  <reporter-output>
  </reporter-output>
  <suite name="Default suite" duration-ms="5908" started-at="2020-11-24T06:36:55Z" finished-at="2020-11-24T06:37:01Z">
    <groups>
    </groups>
    <test name="Default test" duration-ms="5908" started-at="2020-11-24T06:36:55Z" finished-at="2020-11-24T06:37:01Z">
      <class name="TestCases.ReadAndPostJsonDataFromJsonFileUsingPOJO_FullDataBinding">
        <test-method status="PASS" signature="foo()[pri:0, instance:TestCases.ReadAndPostJsonDataFromJsonFileUsingPOJO_FullDataBinding@75bd9247]" name="foo" duration-ms="544" started-at="2020-11-24T12:06:55Z" finished-at="2020-11-24T12:06:55Z">
          <reporter-output>
          </reporter-output>
        </test-method> <!-- foo -->
        <test-method status="PASS" signature="validateAllResponses()[pri:0, instance:TestCases.ReadAndPostJsonDataFromJsonFileUsingPOJO_FullDataBinding@75bd9247]" name="validateAllResponses" duration-ms="5335" started-at="2020-11-24T12:06:55Z" finished-at="2020-11-24T12:07:01Z">
          <reporter-output>
          </reporter-output>
        </test-method> <!-- validateAllResponses -->
      </class> <!-- TestCases.ReadAndPostJsonDataFromJsonFileUsingPOJO_FullDataBinding -->
    </test> <!-- Default test -->
  </suite> <!-- Default suite -->
</testng-results>
